[0.017s] Invoking command in '/home/piotr/Desktop/AI_Lab/ROS/AI_Lab_anxious_robot/anxious_robot_ws/build/robot_description': CMAKE_PREFIX_PATH=/opt/ros/humble /usr/bin/cmake --build /home/piotr/Desktop/AI_Lab/ROS/AI_Lab_anxious_robot/anxious_robot_ws/build/robot_description -- -j6 -l6
[0.056s] Invoked command in '/home/piotr/Desktop/AI_Lab/ROS/AI_Lab_anxious_robot/anxious_robot_ws/build/robot_description' returned '0': CMAKE_PREFIX_PATH=/opt/ros/humble /usr/bin/cmake --build /home/piotr/Desktop/AI_Lab/ROS/AI_Lab_anxious_robot/anxious_robot_ws/build/robot_description -- -j6 -l6
[0.082s] Invoking command in '/home/piotr/Desktop/AI_Lab/ROS/AI_Lab_anxious_robot/anxious_robot_ws/build/robot_description': CMAKE_PREFIX_PATH=/opt/ros/humble /usr/bin/cmake --install /home/piotr/Desktop/AI_Lab/ROS/AI_Lab_anxious_robot/anxious_robot_ws/build/robot_description
[0.088s] -- Install configuration: ""
[0.088s] -- Execute custom install script
[0.089s] -- Up-to-date symlink: /home/piotr/Desktop/AI_Lab/ROS/AI_Lab_anxious_robot/anxious_robot_ws/install/robot_description/share/robot_description/urdf/differential_drive_robot.xacro.urdf
[0.089s] -- Up-to-date symlink: /home/piotr/Desktop/AI_Lab/ROS/AI_Lab_anxious_robot/anxious_robot_ws/install/robot_description/share/robot_description/urdf/gazebo_elements.xacro
[0.089s] -- Up-to-date symlink: /home/piotr/Desktop/AI_Lab/ROS/AI_Lab_anxious_robot/anxious_robot_ws/install/robot_description/share/robot_description/urdf/macros.xacro
[0.089s] -- Up-to-date symlink: /home/piotr/Desktop/AI_Lab/ROS/AI_Lab_anxious_robot/anxious_robot_ws/install/robot_description/share/robot_description/urdf/properties.xacro
[0.089s] -- Up-to-date symlink: /home/piotr/Desktop/AI_Lab/ROS/AI_Lab_anxious_robot/anxious_robot_ws/install/robot_description/share/robot_description/urdf/sensors.xacro
[0.089s] -- Up-to-date symlink: /home/piotr/Desktop/AI_Lab/ROS/AI_Lab_anxious_robot/anxious_robot_ws/install/robot_description/share/ament_index/resource_index/package_run_dependencies/robot_description
[0.090s] -- Up-to-date symlink: /home/piotr/Desktop/AI_Lab/ROS/AI_Lab_anxious_robot/anxious_robot_ws/install/robot_description/share/ament_index/resource_index/parent_prefix_path/robot_description
[0.090s] -- Up-to-date symlink: /home/piotr/Desktop/AI_Lab/ROS/AI_Lab_anxious_robot/anxious_robot_ws/install/robot_description/share/robot_description/environment/ament_prefix_path.sh
[0.090s] -- Up-to-date symlink: /home/piotr/Desktop/AI_Lab/ROS/AI_Lab_anxious_robot/anxious_robot_ws/install/robot_description/share/robot_description/environment/ament_prefix_path.dsv
[0.090s] -- Up-to-date symlink: /home/piotr/Desktop/AI_Lab/ROS/AI_Lab_anxious_robot/anxious_robot_ws/install/robot_description/share/robot_description/environment/path.sh
[0.090s] -- Up-to-date symlink: /home/piotr/Desktop/AI_Lab/ROS/AI_Lab_anxious_robot/anxious_robot_ws/install/robot_description/share/robot_description/environment/path.dsv
[0.090s] -- Up-to-date symlink: /home/piotr/Desktop/AI_Lab/ROS/AI_Lab_anxious_robot/anxious_robot_ws/install/robot_description/share/robot_description/local_setup.bash
[0.090s] -- Up-to-date symlink: /home/piotr/Desktop/AI_Lab/ROS/AI_Lab_anxious_robot/anxious_robot_ws/install/robot_description/share/robot_description/local_setup.sh
[0.090s] -- Up-to-date symlink: /home/piotr/Desktop/AI_Lab/ROS/AI_Lab_anxious_robot/anxious_robot_ws/install/robot_description/share/robot_description/local_setup.zsh
[0.091s] -- Up-to-date symlink: /home/piotr/Desktop/AI_Lab/ROS/AI_Lab_anxious_robot/anxious_robot_ws/install/robot_description/share/robot_description/local_setup.dsv
[0.091s] -- Symlinking: /home/piotr/Desktop/AI_Lab/ROS/AI_Lab_anxious_robot/anxious_robot_ws/install/robot_description/share/robot_description/package.dsv
[0.098s] -- Up-to-date symlink: /home/piotr/Desktop/AI_Lab/ROS/AI_Lab_anxious_robot/anxious_robot_ws/install/robot_description/share/ament_index/resource_index/packages/robot_description
[0.098s] -- Up-to-date symlink: /home/piotr/Desktop/AI_Lab/ROS/AI_Lab_anxious_robot/anxious_robot_ws/install/robot_description/share/robot_description/cmake/robot_descriptionConfig.cmake
[0.098s] -- Up-to-date symlink: /home/piotr/Desktop/AI_Lab/ROS/AI_Lab_anxious_robot/anxious_robot_ws/install/robot_description/share/robot_description/cmake/robot_descriptionConfig-version.cmake
[0.098s] -- Up-to-date symlink: /home/piotr/Desktop/AI_Lab/ROS/AI_Lab_anxious_robot/anxious_robot_ws/install/robot_description/share/robot_description/package.xml
[0.115s] Invoked command in '/home/piotr/Desktop/AI_Lab/ROS/AI_Lab_anxious_robot/anxious_robot_ws/build/robot_description' returned '0': CMAKE_PREFIX_PATH=/opt/ros/humble /usr/bin/cmake --install /home/piotr/Desktop/AI_Lab/ROS/AI_Lab_anxious_robot/anxious_robot_ws/build/robot_description
