[0.021s] Invoking command in '/home/piotr/Desktop/AI_Lab/ROS/AI_Lab_anxious_robot/anxious_robot_ws/build/launch_config': CMAKE_PREFIX_PATH=${CMAKE_PREFIX_PATH}:/opt/ros/humble /usr/bin/cmake /home/piotr/Desktop/AI_Lab/ROS/AI_Lab_anxious_robot/anxious_robot_ws/src/launch_config -DCMAKE_INSTALL_PREFIX=/home/piotr/Desktop/AI_Lab/ROS/AI_Lab_anxious_robot/anxious_robot_ws/install/launch_config
[0.042s] -- Found ament_cmake: 1.3.5 (/opt/ros/humble/share/ament_cmake/cmake)
[0.161s] -- Override CMake install command with custom implementation using symlinks instead of copying resources
[0.174s] -- Found ament_lint_auto: 0.12.7 (/opt/ros/humble/share/ament_lint_auto/cmake)
[0.233s] -- Added test 'flake8' to check Python code syntax and style conventions
[0.234s] -- Added test 'lint_cmake' to check CMake code style
[0.234s] -- Added test 'pep257' to check Python code against some of the docstring style conventions in PEP 257
[0.235s] -- Added test 'xmllint' to check XML markup files
[0.235s] -- Configuring done
[0.237s] -- Generating done
[0.238s] -- Build files have been written to: /home/piotr/Desktop/AI_Lab/ROS/AI_Lab_anxious_robot/anxious_robot_ws/build/launch_config
[0.242s] Invoked command in '/home/piotr/Desktop/AI_Lab/ROS/AI_Lab_anxious_robot/anxious_robot_ws/build/launch_config' returned '0': CMAKE_PREFIX_PATH=${CMAKE_PREFIX_PATH}:/opt/ros/humble /usr/bin/cmake /home/piotr/Desktop/AI_Lab/ROS/AI_Lab_anxious_robot/anxious_robot_ws/src/launch_config -DCMAKE_INSTALL_PREFIX=/home/piotr/Desktop/AI_Lab/ROS/AI_Lab_anxious_robot/anxious_robot_ws/install/launch_config
[0.242s] Invoking command in '/home/piotr/Desktop/AI_Lab/ROS/AI_Lab_anxious_robot/anxious_robot_ws/build/launch_config': CMAKE_PREFIX_PATH=${CMAKE_PREFIX_PATH}:/opt/ros/humble /usr/bin/cmake --build /home/piotr/Desktop/AI_Lab/ROS/AI_Lab_anxious_robot/anxious_robot_ws/build/launch_config -- -j6 -l6
[0.271s] Invoked command in '/home/piotr/Desktop/AI_Lab/ROS/AI_Lab_anxious_robot/anxious_robot_ws/build/launch_config' returned '0': CMAKE_PREFIX_PATH=${CMAKE_PREFIX_PATH}:/opt/ros/humble /usr/bin/cmake --build /home/piotr/Desktop/AI_Lab/ROS/AI_Lab_anxious_robot/anxious_robot_ws/build/launch_config -- -j6 -l6
[0.296s] Invoking command in '/home/piotr/Desktop/AI_Lab/ROS/AI_Lab_anxious_robot/anxious_robot_ws/build/launch_config': CMAKE_PREFIX_PATH=${CMAKE_PREFIX_PATH}:/opt/ros/humble /usr/bin/cmake --install /home/piotr/Desktop/AI_Lab/ROS/AI_Lab_anxious_robot/anxious_robot_ws/build/launch_config
[0.303s] -- Install configuration: ""
[0.303s] -- Execute custom install script
[0.303s] -- Up-to-date symlink: /home/piotr/Desktop/AI_Lab/ROS/AI_Lab_anxious_robot/anxious_robot_ws/install/launch_config/share/launch_config/launch/gazebo_world.launch.py
[0.305s] -- Up-to-date symlink: /home/piotr/Desktop/AI_Lab/ROS/AI_Lab_anxious_robot/anxious_robot_ws/install/launch_config/share/launch_config/launch/rviz.launch.py
[0.305s] -- Up-to-date symlink: /home/piotr/Desktop/AI_Lab/ROS/AI_Lab_anxious_robot/anxious_robot_ws/install/launch_config/share/launch_config/launch/rviz_gazebo.launch.py
[0.305s] -- Up-to-date symlink: /home/piotr/Desktop/AI_Lab/ROS/AI_Lab_anxious_robot/anxious_robot_ws/install/launch_config/share/launch_config/launch/spawn_robot.launch.py
[0.305s] -- Up-to-date symlink: /home/piotr/Desktop/AI_Lab/ROS/AI_Lab_anxious_robot/anxious_robot_ws/install/launch_config/share/launch_config/config/default_rviz_config.rviz
[0.305s] -- Symlinking: /home/piotr/Desktop/AI_Lab/ROS/AI_Lab_anxious_robot/anxious_robot_ws/install/launch_config/share/launch_config/config/ros_gz_bridge_config.yaml
[0.311s] -- Up-to-date symlink: /home/piotr/Desktop/AI_Lab/ROS/AI_Lab_anxious_robot/anxious_robot_ws/install/launch_config/share/ament_index/resource_index/package_run_dependencies/launch_config
[0.312s] -- Up-to-date symlink: /home/piotr/Desktop/AI_Lab/ROS/AI_Lab_anxious_robot/anxious_robot_ws/install/launch_config/share/ament_index/resource_index/parent_prefix_path/launch_config
[0.312s] -- Up-to-date symlink: /home/piotr/Desktop/AI_Lab/ROS/AI_Lab_anxious_robot/anxious_robot_ws/install/launch_config/share/launch_config/environment/ament_prefix_path.sh
[0.312s] -- Up-to-date symlink: /home/piotr/Desktop/AI_Lab/ROS/AI_Lab_anxious_robot/anxious_robot_ws/install/launch_config/share/launch_config/environment/ament_prefix_path.dsv
[0.314s] -- Up-to-date symlink: /home/piotr/Desktop/AI_Lab/ROS/AI_Lab_anxious_robot/anxious_robot_ws/install/launch_config/share/launch_config/environment/path.sh
[0.314s] -- Up-to-date symlink: /home/piotr/Desktop/AI_Lab/ROS/AI_Lab_anxious_robot/anxious_robot_ws/install/launch_config/share/launch_config/environment/path.dsv
[0.314s] -- Up-to-date symlink: /home/piotr/Desktop/AI_Lab/ROS/AI_Lab_anxious_robot/anxious_robot_ws/install/launch_config/share/launch_config/local_setup.bash
[0.314s] -- Up-to-date symlink: /home/piotr/Desktop/AI_Lab/ROS/AI_Lab_anxious_robot/anxious_robot_ws/install/launch_config/share/launch_config/local_setup.sh
[0.315s] -- Up-to-date symlink: /home/piotr/Desktop/AI_Lab/ROS/AI_Lab_anxious_robot/anxious_robot_ws/install/launch_config/share/launch_config/local_setup.zsh
[0.315s] -- Up-to-date symlink: /home/piotr/Desktop/AI_Lab/ROS/AI_Lab_anxious_robot/anxious_robot_ws/install/launch_config/share/launch_config/local_setup.dsv
[0.315s] -- Symlinking: /home/piotr/Desktop/AI_Lab/ROS/AI_Lab_anxious_robot/anxious_robot_ws/install/launch_config/share/launch_config/package.dsv
[0.321s] -- Up-to-date symlink: /home/piotr/Desktop/AI_Lab/ROS/AI_Lab_anxious_robot/anxious_robot_ws/install/launch_config/share/ament_index/resource_index/packages/launch_config
[0.321s] -- Up-to-date symlink: /home/piotr/Desktop/AI_Lab/ROS/AI_Lab_anxious_robot/anxious_robot_ws/install/launch_config/share/launch_config/cmake/launch_configConfig.cmake
[0.321s] -- Up-to-date symlink: /home/piotr/Desktop/AI_Lab/ROS/AI_Lab_anxious_robot/anxious_robot_ws/install/launch_config/share/launch_config/cmake/launch_configConfig-version.cmake
[0.321s] -- Up-to-date symlink: /home/piotr/Desktop/AI_Lab/ROS/AI_Lab_anxious_robot/anxious_robot_ws/install/launch_config/share/launch_config/package.xml
[0.338s] Invoked command in '/home/piotr/Desktop/AI_Lab/ROS/AI_Lab_anxious_robot/anxious_robot_ws/build/launch_config' returned '0': CMAKE_PREFIX_PATH=${CMAKE_PREFIX_PATH}:/opt/ros/humble /usr/bin/cmake --install /home/piotr/Desktop/AI_Lab/ROS/AI_Lab_anxious_robot/anxious_robot_ws/build/launch_config
