[0.015s] Invoking command in '/home/piotr/Desktop/AI_Lab/ROS/AI_Lab_anxious_robot/anxious_robot_ws/build/robot_description': CMAKE_PREFIX_PATH=/opt/ros/humble /usr/bin/cmake /home/piotr/Desktop/AI_Lab/ROS/AI_Lab_anxious_robot/anxious_robot_ws/src/robot_description -DCMAKE_INSTALL_PREFIX=/home/piotr/Desktop/AI_Lab/ROS/AI_Lab_anxious_robot/anxious_robot_ws/install/robot_description
[0.032s] -- Found ament_cmake: 1.3.5 (/opt/ros/humble/share/ament_cmake/cmake)
[0.152s] -- Override CMake install command with custom implementation using symlinks instead of copying resources
[0.158s] -- Found ament_lint_auto: 0.12.7 (/opt/ros/humble/share/ament_lint_auto/cmake)
[0.213s] -- Added test 'lint_cmake' to check CMake code style
[0.214s] -- Added test 'xmllint' to check XML markup files
[0.215s] -- Configuring done
[0.217s] -- Generating done
[0.219s] -- Build files have been written to: /home/piotr/Desktop/AI_Lab/ROS/AI_Lab_anxious_robot/anxious_robot_ws/build/robot_description
[0.221s] Invoked command in '/home/piotr/Desktop/AI_Lab/ROS/AI_Lab_anxious_robot/anxious_robot_ws/build/robot_description' returned '0': CMAKE_PREFIX_PATH=/opt/ros/humble /usr/bin/cmake /home/piotr/Desktop/AI_Lab/ROS/AI_Lab_anxious_robot/anxious_robot_ws/src/robot_description -DCMAKE_INSTALL_PREFIX=/home/piotr/Desktop/AI_Lab/ROS/AI_Lab_anxious_robot/anxious_robot_ws/install/robot_description
[0.223s] Invoking command in '/home/piotr/Desktop/AI_Lab/ROS/AI_Lab_anxious_robot/anxious_robot_ws/build/robot_description': CMAKE_PREFIX_PATH=/opt/ros/humble /usr/bin/cmake --build /home/piotr/Desktop/AI_Lab/ROS/AI_Lab_anxious_robot/anxious_robot_ws/build/robot_description -- -j6 -l6
[0.254s] Invoked command in '/home/piotr/Desktop/AI_Lab/ROS/AI_Lab_anxious_robot/anxious_robot_ws/build/robot_description' returned '0': CMAKE_PREFIX_PATH=/opt/ros/humble /usr/bin/cmake --build /home/piotr/Desktop/AI_Lab/ROS/AI_Lab_anxious_robot/anxious_robot_ws/build/robot_description -- -j6 -l6
[0.280s] Invoking command in '/home/piotr/Desktop/AI_Lab/ROS/AI_Lab_anxious_robot/anxious_robot_ws/build/robot_description': CMAKE_PREFIX_PATH=/opt/ros/humble /usr/bin/cmake --install /home/piotr/Desktop/AI_Lab/ROS/AI_Lab_anxious_robot/anxious_robot_ws/build/robot_description
[0.285s] -- Install configuration: ""
[0.285s] -- Execute custom install script
[0.286s] -- Up-to-date symlink: /home/piotr/Desktop/AI_Lab/ROS/AI_Lab_anxious_robot/anxious_robot_ws/install/robot_description/share/ament_index/resource_index/package_run_dependencies/robot_description
[0.286s] -- Up-to-date symlink: /home/piotr/Desktop/AI_Lab/ROS/AI_Lab_anxious_robot/anxious_robot_ws/install/robot_description/share/ament_index/resource_index/parent_prefix_path/robot_description
[0.286s] -- Up-to-date symlink: /home/piotr/Desktop/AI_Lab/ROS/AI_Lab_anxious_robot/anxious_robot_ws/install/robot_description/share/robot_description/environment/ament_prefix_path.sh
[0.286s] -- Up-to-date symlink: /home/piotr/Desktop/AI_Lab/ROS/AI_Lab_anxious_robot/anxious_robot_ws/install/robot_description/share/robot_description/environment/ament_prefix_path.dsv
[0.286s] -- Up-to-date symlink: /home/piotr/Desktop/AI_Lab/ROS/AI_Lab_anxious_robot/anxious_robot_ws/install/robot_description/share/robot_description/environment/path.sh
[0.286s] -- Up-to-date symlink: /home/piotr/Desktop/AI_Lab/ROS/AI_Lab_anxious_robot/anxious_robot_ws/install/robot_description/share/robot_description/environment/path.dsv
[0.286s] -- Up-to-date symlink: /home/piotr/Desktop/AI_Lab/ROS/AI_Lab_anxious_robot/anxious_robot_ws/install/robot_description/share/robot_description/local_setup.bash
[0.286s] -- Up-to-date symlink: /home/piotr/Desktop/AI_Lab/ROS/AI_Lab_anxious_robot/anxious_robot_ws/install/robot_description/share/robot_description/local_setup.sh
[0.286s] -- Up-to-date symlink: /home/piotr/Desktop/AI_Lab/ROS/AI_Lab_anxious_robot/anxious_robot_ws/install/robot_description/share/robot_description/local_setup.zsh
[0.287s] -- Up-to-date symlink: /home/piotr/Desktop/AI_Lab/ROS/AI_Lab_anxious_robot/anxious_robot_ws/install/robot_description/share/robot_description/local_setup.dsv
[0.287s] -- Symlinking: /home/piotr/Desktop/AI_Lab/ROS/AI_Lab_anxious_robot/anxious_robot_ws/install/robot_description/share/robot_description/package.dsv
[0.294s] -- Up-to-date symlink: /home/piotr/Desktop/AI_Lab/ROS/AI_Lab_anxious_robot/anxious_robot_ws/install/robot_description/share/ament_index/resource_index/packages/robot_description
[0.294s] -- Up-to-date symlink: /home/piotr/Desktop/AI_Lab/ROS/AI_Lab_anxious_robot/anxious_robot_ws/install/robot_description/share/robot_description/cmake/robot_descriptionConfig.cmake
[0.294s] -- Up-to-date symlink: /home/piotr/Desktop/AI_Lab/ROS/AI_Lab_anxious_robot/anxious_robot_ws/install/robot_description/share/robot_description/cmake/robot_descriptionConfig-version.cmake
[0.294s] -- Up-to-date symlink: /home/piotr/Desktop/AI_Lab/ROS/AI_Lab_anxious_robot/anxious_robot_ws/install/robot_description/share/robot_description/package.xml
[0.296s] Invoked command in '/home/piotr/Desktop/AI_Lab/ROS/AI_Lab_anxious_robot/anxious_robot_ws/build/robot_description' returned '0': CMAKE_PREFIX_PATH=/opt/ros/humble /usr/bin/cmake --install /home/piotr/Desktop/AI_Lab/ROS/AI_Lab_anxious_robot/anxious_robot_ws/build/robot_description
