[0.019s] Invoking command in '/home/piotr/Desktop/AI_Lab/ROS/AI_Lab_anxious_robot/anxious_robot_ws/build/launch_config': CMAKE_PREFIX_PATH=/opt/ros/humble /usr/bin/cmake /home/piotr/Desktop/AI_Lab/ROS/AI_Lab_anxious_robot/anxious_robot_ws/src/launch_config -DAMENT_CMAKE_SYMLINK_INSTALL=1 -DCMAKE_INSTALL_PREFIX=/home/piotr/Desktop/AI_Lab/ROS/AI_Lab_anxious_robot/anxious_robot_ws/install/launch_config
[0.028s] -- Found ament_cmake: 1.3.5 (/opt/ros/humble/share/ament_cmake/cmake)
[0.139s] -- Override CMake install command with custom implementation using symlinks instead of copying resources
[0.146s] -- Found ament_lint_auto: 0.12.7 (/opt/ros/humble/share/ament_lint_auto/cmake)
[0.206s] -- Added test 'flake8' to check Python code syntax and style conventions
[0.206s] -- Added test 'lint_cmake' to check CMake code style
[0.206s] -- Added test 'pep257' to check Python code against some of the docstring style conventions in PEP 257
[0.207s] -- Added test 'xmllint' to check XML markup files
[0.208s] -- Configuring done
[0.210s] -- Generating done
[0.211s] -- Build files have been written to: /home/piotr/Desktop/AI_Lab/ROS/AI_Lab_anxious_robot/anxious_robot_ws/build/launch_config
[0.214s] Invoked command in '/home/piotr/Desktop/AI_Lab/ROS/AI_Lab_anxious_robot/anxious_robot_ws/build/launch_config' returned '0': CMAKE_PREFIX_PATH=/opt/ros/humble /usr/bin/cmake /home/piotr/Desktop/AI_Lab/ROS/AI_Lab_anxious_robot/anxious_robot_ws/src/launch_config -DAMENT_CMAKE_SYMLINK_INSTALL=1 -DCMAKE_INSTALL_PREFIX=/home/piotr/Desktop/AI_Lab/ROS/AI_Lab_anxious_robot/anxious_robot_ws/install/launch_config
[0.215s] Invoking command in '/home/piotr/Desktop/AI_Lab/ROS/AI_Lab_anxious_robot/anxious_robot_ws/build/launch_config': CMAKE_PREFIX_PATH=/opt/ros/humble /usr/bin/cmake --build /home/piotr/Desktop/AI_Lab/ROS/AI_Lab_anxious_robot/anxious_robot_ws/build/launch_config -- -j6 -l6
[0.246s] Invoked command in '/home/piotr/Desktop/AI_Lab/ROS/AI_Lab_anxious_robot/anxious_robot_ws/build/launch_config' returned '0': CMAKE_PREFIX_PATH=/opt/ros/humble /usr/bin/cmake --build /home/piotr/Desktop/AI_Lab/ROS/AI_Lab_anxious_robot/anxious_robot_ws/build/launch_config -- -j6 -l6
[0.269s] Invoking command in '/home/piotr/Desktop/AI_Lab/ROS/AI_Lab_anxious_robot/anxious_robot_ws/build/launch_config': CMAKE_PREFIX_PATH=/opt/ros/humble /usr/bin/cmake --install /home/piotr/Desktop/AI_Lab/ROS/AI_Lab_anxious_robot/anxious_robot_ws/build/launch_config
[0.274s] -- Install configuration: ""
[0.275s] -- Execute custom install script
[0.276s] -- Symlinking: /home/piotr/Desktop/AI_Lab/ROS/AI_Lab_anxious_robot/anxious_robot_ws/install/launch_config/share/ament_index/resource_index/package_run_dependencies/launch_config
[0.282s] -- Symlinking: /home/piotr/Desktop/AI_Lab/ROS/AI_Lab_anxious_robot/anxious_robot_ws/install/launch_config/share/ament_index/resource_index/parent_prefix_path/launch_config
[0.290s] -- Symlinking: /home/piotr/Desktop/AI_Lab/ROS/AI_Lab_anxious_robot/anxious_robot_ws/install/launch_config/share/launch_config/environment/ament_prefix_path.sh
[0.298s] -- Symlinking: /home/piotr/Desktop/AI_Lab/ROS/AI_Lab_anxious_robot/anxious_robot_ws/install/launch_config/share/launch_config/environment/ament_prefix_path.dsv
[0.305s] -- Symlinking: /home/piotr/Desktop/AI_Lab/ROS/AI_Lab_anxious_robot/anxious_robot_ws/install/launch_config/share/launch_config/environment/path.sh
[0.313s] -- Symlinking: /home/piotr/Desktop/AI_Lab/ROS/AI_Lab_anxious_robot/anxious_robot_ws/install/launch_config/share/launch_config/environment/path.dsv
[0.320s] -- Symlinking: /home/piotr/Desktop/AI_Lab/ROS/AI_Lab_anxious_robot/anxious_robot_ws/install/launch_config/share/launch_config/local_setup.bash
[0.329s] -- Symlinking: /home/piotr/Desktop/AI_Lab/ROS/AI_Lab_anxious_robot/anxious_robot_ws/install/launch_config/share/launch_config/local_setup.sh
[0.340s] -- Symlinking: /home/piotr/Desktop/AI_Lab/ROS/AI_Lab_anxious_robot/anxious_robot_ws/install/launch_config/share/launch_config/local_setup.zsh
[0.344s] -- Symlinking: /home/piotr/Desktop/AI_Lab/ROS/AI_Lab_anxious_robot/anxious_robot_ws/install/launch_config/share/launch_config/local_setup.dsv
[0.350s] -- Symlinking: /home/piotr/Desktop/AI_Lab/ROS/AI_Lab_anxious_robot/anxious_robot_ws/install/launch_config/share/launch_config/package.dsv
[0.358s] -- Symlinking: /home/piotr/Desktop/AI_Lab/ROS/AI_Lab_anxious_robot/anxious_robot_ws/install/launch_config/share/ament_index/resource_index/packages/launch_config
[0.365s] -- Symlinking: /home/piotr/Desktop/AI_Lab/ROS/AI_Lab_anxious_robot/anxious_robot_ws/install/launch_config/share/launch_config/cmake/launch_configConfig.cmake
[0.373s] -- Symlinking: /home/piotr/Desktop/AI_Lab/ROS/AI_Lab_anxious_robot/anxious_robot_ws/install/launch_config/share/launch_config/cmake/launch_configConfig-version.cmake
[0.379s] -- Symlinking: /home/piotr/Desktop/AI_Lab/ROS/AI_Lab_anxious_robot/anxious_robot_ws/install/launch_config/share/launch_config/package.xml
[0.409s] Invoked command in '/home/piotr/Desktop/AI_Lab/ROS/AI_Lab_anxious_robot/anxious_robot_ws/build/launch_config' returned '0': CMAKE_PREFIX_PATH=/opt/ros/humble /usr/bin/cmake --install /home/piotr/Desktop/AI_Lab/ROS/AI_Lab_anxious_robot/anxious_robot_ws/build/launch_config
