[0.022s] Invoking command in '/home/piotr/Desktop/AI_Lab/ROS/AI_Lab_anxious_robot/anxious_robot_ws/build/launch_config': CMAKE_PREFIX_PATH=${CMAKE_PREFIX_PATH}:/opt/ros/humble /usr/bin/cmake --build /home/piotr/Desktop/AI_Lab/ROS/AI_Lab_anxious_robot/anxious_robot_ws/build/launch_config -- -j6 -l6
[0.042s] -- Found ament_cmake: 1.3.5 (/opt/ros/humble/share/ament_cmake/cmake)
[0.151s] -- Override CMake install command with custom implementation using symlinks instead of copying resources
[0.156s] -- Found ament_lint_auto: 0.12.7 (/opt/ros/humble/share/ament_lint_auto/cmake)
[0.211s] -- Added test 'flake8' to check Python code syntax and style conventions
[0.211s] -- Added test 'lint_cmake' to check CMake code style
[0.211s] -- Added test 'pep257' to check Python code against some of the docstring style conventions in PEP 257
[0.212s] -- Added test 'xmllint' to check XML markup files
[0.212s] -- Configuring done
[0.215s] -- Generating done
[0.215s] -- Build files have been written to: /home/piotr/Desktop/AI_Lab/ROS/AI_Lab_anxious_robot/anxious_robot_ws/build/launch_config
[0.249s] Invoked command in '/home/piotr/Desktop/AI_Lab/ROS/AI_Lab_anxious_robot/anxious_robot_ws/build/launch_config' returned '0': CMAKE_PREFIX_PATH=${CMAKE_PREFIX_PATH}:/opt/ros/humble /usr/bin/cmake --build /home/piotr/Desktop/AI_Lab/ROS/AI_Lab_anxious_robot/anxious_robot_ws/build/launch_config -- -j6 -l6
[0.268s] Invoking command in '/home/piotr/Desktop/AI_Lab/ROS/AI_Lab_anxious_robot/anxious_robot_ws/build/launch_config': CMAKE_PREFIX_PATH=${CMAKE_PREFIX_PATH}:/opt/ros/humble /usr/bin/cmake --install /home/piotr/Desktop/AI_Lab/ROS/AI_Lab_anxious_robot/anxious_robot_ws/build/launch_config
[0.273s] -- Install configuration: ""
[0.273s] -- Execute custom install script
[0.274s] -- Symlinking: /home/piotr/Desktop/AI_Lab/ROS/AI_Lab_anxious_robot/anxious_robot_ws/install/launch_config/share/launch_config/launch/rviz.launch.py
[0.289s] -- Symlinking: /home/piotr/Desktop/AI_Lab/ROS/AI_Lab_anxious_robot/anxious_robot_ws/install/launch_config/share/launch_config/config/default_rviz_config.rviz
[0.296s] -- Up-to-date symlink: /home/piotr/Desktop/AI_Lab/ROS/AI_Lab_anxious_robot/anxious_robot_ws/install/launch_config/share/ament_index/resource_index/package_run_dependencies/launch_config
[0.296s] -- Up-to-date symlink: /home/piotr/Desktop/AI_Lab/ROS/AI_Lab_anxious_robot/anxious_robot_ws/install/launch_config/share/ament_index/resource_index/parent_prefix_path/launch_config
[0.297s] -- Up-to-date symlink: /home/piotr/Desktop/AI_Lab/ROS/AI_Lab_anxious_robot/anxious_robot_ws/install/launch_config/share/launch_config/environment/ament_prefix_path.sh
[0.297s] -- Up-to-date symlink: /home/piotr/Desktop/AI_Lab/ROS/AI_Lab_anxious_robot/anxious_robot_ws/install/launch_config/share/launch_config/environment/ament_prefix_path.dsv
[0.297s] -- Up-to-date symlink: /home/piotr/Desktop/AI_Lab/ROS/AI_Lab_anxious_robot/anxious_robot_ws/install/launch_config/share/launch_config/environment/path.sh
[0.297s] -- Up-to-date symlink: /home/piotr/Desktop/AI_Lab/ROS/AI_Lab_anxious_robot/anxious_robot_ws/install/launch_config/share/launch_config/environment/path.dsv
[0.298s] -- Up-to-date symlink: /home/piotr/Desktop/AI_Lab/ROS/AI_Lab_anxious_robot/anxious_robot_ws/install/launch_config/share/launch_config/local_setup.bash
[0.298s] -- Up-to-date symlink: /home/piotr/Desktop/AI_Lab/ROS/AI_Lab_anxious_robot/anxious_robot_ws/install/launch_config/share/launch_config/local_setup.sh
[0.298s] -- Up-to-date symlink: /home/piotr/Desktop/AI_Lab/ROS/AI_Lab_anxious_robot/anxious_robot_ws/install/launch_config/share/launch_config/local_setup.zsh
[0.299s] -- Up-to-date symlink: /home/piotr/Desktop/AI_Lab/ROS/AI_Lab_anxious_robot/anxious_robot_ws/install/launch_config/share/launch_config/local_setup.dsv
[0.299s] -- Symlinking: /home/piotr/Desktop/AI_Lab/ROS/AI_Lab_anxious_robot/anxious_robot_ws/install/launch_config/share/launch_config/package.dsv
[0.315s] -- Up-to-date symlink: /home/piotr/Desktop/AI_Lab/ROS/AI_Lab_anxious_robot/anxious_robot_ws/install/launch_config/share/ament_index/resource_index/packages/launch_config
[0.315s] -- Up-to-date symlink: /home/piotr/Desktop/AI_Lab/ROS/AI_Lab_anxious_robot/anxious_robot_ws/install/launch_config/share/launch_config/cmake/launch_configConfig.cmake
[0.315s] -- Up-to-date symlink: /home/piotr/Desktop/AI_Lab/ROS/AI_Lab_anxious_robot/anxious_robot_ws/install/launch_config/share/launch_config/cmake/launch_configConfig-version.cmake
[0.316s] -- Up-to-date symlink: /home/piotr/Desktop/AI_Lab/ROS/AI_Lab_anxious_robot/anxious_robot_ws/install/launch_config/share/launch_config/package.xml
[0.323s] Invoked command in '/home/piotr/Desktop/AI_Lab/ROS/AI_Lab_anxious_robot/anxious_robot_ws/build/launch_config' returned '0': CMAKE_PREFIX_PATH=${CMAKE_PREFIX_PATH}:/opt/ros/humble /usr/bin/cmake --install /home/piotr/Desktop/AI_Lab/ROS/AI_Lab_anxious_robot/anxious_robot_ws/build/launch_config
