[0.013s] Invoking command in '/home/piotr/Desktop/AI_Lab/ROS/AI_Lab_anxious_robot/anxious_robot_ws/build/simulation': CMAKE_PREFIX_PATH=/opt/ros/humble /usr/bin/cmake /home/piotr/Desktop/AI_Lab/ROS/AI_Lab_anxious_robot/anxious_robot_ws/src/simulation -DAMENT_CMAKE_SYMLINK_INSTALL=1 -DCMAKE_INSTALL_PREFIX=/home/piotr/Desktop/AI_Lab/ROS/AI_Lab_anxious_robot/anxious_robot_ws/install/simulation
[0.024s] -- Found ament_cmake: 1.3.5 (/opt/ros/humble/share/ament_cmake/cmake)
[0.137s] -- Override CMake install command with custom implementation using symlinks instead of copying resources
[0.143s] -- Found ament_lint_auto: 0.12.7 (/opt/ros/humble/share/ament_lint_auto/cmake)
[0.204s] -- Added test 'lint_cmake' to check CMake code style
[0.204s] -- Added test 'xmllint' to check XML markup files
[0.204s] -- Configuring done
[0.206s] -- Generating done
[0.207s] -- Build files have been written to: /home/piotr/Desktop/AI_Lab/ROS/AI_Lab_anxious_robot/anxious_robot_ws/build/simulation
[0.209s] Invoked command in '/home/piotr/Desktop/AI_Lab/ROS/AI_Lab_anxious_robot/anxious_robot_ws/build/simulation' returned '0': CMAKE_PREFIX_PATH=/opt/ros/humble /usr/bin/cmake /home/piotr/Desktop/AI_Lab/ROS/AI_Lab_anxious_robot/anxious_robot_ws/src/simulation -DAMENT_CMAKE_SYMLINK_INSTALL=1 -DCMAKE_INSTALL_PREFIX=/home/piotr/Desktop/AI_Lab/ROS/AI_Lab_anxious_robot/anxious_robot_ws/install/simulation
[0.211s] Invoking command in '/home/piotr/Desktop/AI_Lab/ROS/AI_Lab_anxious_robot/anxious_robot_ws/build/simulation': CMAKE_PREFIX_PATH=/opt/ros/humble /usr/bin/cmake --build /home/piotr/Desktop/AI_Lab/ROS/AI_Lab_anxious_robot/anxious_robot_ws/build/simulation -- -j6 -l6
[0.241s] Invoked command in '/home/piotr/Desktop/AI_Lab/ROS/AI_Lab_anxious_robot/anxious_robot_ws/build/simulation' returned '0': CMAKE_PREFIX_PATH=/opt/ros/humble /usr/bin/cmake --build /home/piotr/Desktop/AI_Lab/ROS/AI_Lab_anxious_robot/anxious_robot_ws/build/simulation -- -j6 -l6
[0.258s] Invoking command in '/home/piotr/Desktop/AI_Lab/ROS/AI_Lab_anxious_robot/anxious_robot_ws/build/simulation': CMAKE_PREFIX_PATH=/opt/ros/humble /usr/bin/cmake --install /home/piotr/Desktop/AI_Lab/ROS/AI_Lab_anxious_robot/anxious_robot_ws/build/simulation
[0.265s] -- Install configuration: ""
[0.265s] -- Execute custom install script
[0.266s] -- Symlinking: /home/piotr/Desktop/AI_Lab/ROS/AI_Lab_anxious_robot/anxious_robot_ws/install/simulation/share/ament_index/resource_index/package_run_dependencies/simulation
[0.272s] -- Symlinking: /home/piotr/Desktop/AI_Lab/ROS/AI_Lab_anxious_robot/anxious_robot_ws/install/simulation/share/ament_index/resource_index/parent_prefix_path/simulation
[0.280s] -- Symlinking: /home/piotr/Desktop/AI_Lab/ROS/AI_Lab_anxious_robot/anxious_robot_ws/install/simulation/share/simulation/environment/ament_prefix_path.sh
[0.287s] -- Symlinking: /home/piotr/Desktop/AI_Lab/ROS/AI_Lab_anxious_robot/anxious_robot_ws/install/simulation/share/simulation/environment/ament_prefix_path.dsv
[0.294s] -- Symlinking: /home/piotr/Desktop/AI_Lab/ROS/AI_Lab_anxious_robot/anxious_robot_ws/install/simulation/share/simulation/environment/path.sh
[0.302s] -- Symlinking: /home/piotr/Desktop/AI_Lab/ROS/AI_Lab_anxious_robot/anxious_robot_ws/install/simulation/share/simulation/environment/path.dsv
[0.309s] -- Symlinking: /home/piotr/Desktop/AI_Lab/ROS/AI_Lab_anxious_robot/anxious_robot_ws/install/simulation/share/simulation/local_setup.bash
[0.316s] -- Symlinking: /home/piotr/Desktop/AI_Lab/ROS/AI_Lab_anxious_robot/anxious_robot_ws/install/simulation/share/simulation/local_setup.sh
[0.323s] -- Symlinking: /home/piotr/Desktop/AI_Lab/ROS/AI_Lab_anxious_robot/anxious_robot_ws/install/simulation/share/simulation/local_setup.zsh
[0.332s] -- Symlinking: /home/piotr/Desktop/AI_Lab/ROS/AI_Lab_anxious_robot/anxious_robot_ws/install/simulation/share/simulation/local_setup.dsv
[0.339s] -- Symlinking: /home/piotr/Desktop/AI_Lab/ROS/AI_Lab_anxious_robot/anxious_robot_ws/install/simulation/share/simulation/package.dsv
[0.346s] -- Symlinking: /home/piotr/Desktop/AI_Lab/ROS/AI_Lab_anxious_robot/anxious_robot_ws/install/simulation/share/ament_index/resource_index/packages/simulation
[0.354s] -- Symlinking: /home/piotr/Desktop/AI_Lab/ROS/AI_Lab_anxious_robot/anxious_robot_ws/install/simulation/share/simulation/cmake/simulationConfig.cmake
[0.361s] -- Symlinking: /home/piotr/Desktop/AI_Lab/ROS/AI_Lab_anxious_robot/anxious_robot_ws/install/simulation/share/simulation/cmake/simulationConfig-version.cmake
[0.368s] -- Symlinking: /home/piotr/Desktop/AI_Lab/ROS/AI_Lab_anxious_robot/anxious_robot_ws/install/simulation/share/simulation/package.xml
[0.377s] Invoked command in '/home/piotr/Desktop/AI_Lab/ROS/AI_Lab_anxious_robot/anxious_robot_ws/build/simulation' returned '0': CMAKE_PREFIX_PATH=/opt/ros/humble /usr/bin/cmake --install /home/piotr/Desktop/AI_Lab/ROS/AI_Lab_anxious_robot/anxious_robot_ws/build/simulation
