-- Found ament_cmake: 1.3.5 (/opt/ros/humble/share/ament_cmake/cmake)
-- Override CMake install command with custom implementation using symlinks instead of copying resources
-- Found ament_lint_auto: 0.12.7 (/opt/ros/humble/share/ament_lint_auto/cmake)
-- Added test 'lint_cmake' to check CMake code style
-- Added test 'xmllint' to check XML markup files
-- Configuring done
-- Generating done
-- Build files have been written to: /home/piotr/Desktop/AI_Lab/ROS/AI_Lab_anxious_robot/anxious_robot_ws/build/simulation
-- Install configuration: ""
-- Execute custom install script
-- Symlinking: /home/piotr/Desktop/AI_Lab/ROS/AI_Lab_anxious_robot/anxious_robot_ws/install/simulation/share/simulation/worlds/empty.sdf
-- Up-to-date symlink: /home/piotr/Desktop/AI_Lab/ROS/AI_Lab_anxious_robot/anxious_robot_ws/install/simulation/share/ament_index/resource_index/package_run_dependencies/simulation
-- Up-to-date symlink: /home/piotr/Desktop/AI_Lab/ROS/AI_Lab_anxious_robot/anxious_robot_ws/install/simulation/share/ament_index/resource_index/parent_prefix_path/simulation
-- Up-to-date symlink: /home/piotr/Desktop/AI_Lab/ROS/AI_Lab_anxious_robot/anxious_robot_ws/install/simulation/share/simulation/environment/ament_prefix_path.sh
-- Up-to-date symlink: /home/piotr/Desktop/AI_Lab/ROS/AI_Lab_anxious_robot/anxious_robot_ws/install/simulation/share/simulation/environment/ament_prefix_path.dsv
-- Up-to-date symlink: /home/piotr/Desktop/AI_Lab/ROS/AI_Lab_anxious_robot/anxious_robot_ws/install/simulation/share/simulation/environment/path.sh
-- Up-to-date symlink: /home/piotr/Desktop/AI_Lab/ROS/AI_Lab_anxious_robot/anxious_robot_ws/install/simulation/share/simulation/environment/path.dsv
-- Up-to-date symlink: /home/piotr/Desktop/AI_Lab/ROS/AI_Lab_anxious_robot/anxious_robot_ws/install/simulation/share/simulation/local_setup.bash
-- Up-to-date symlink: /home/piotr/Desktop/AI_Lab/ROS/AI_Lab_anxious_robot/anxious_robot_ws/install/simulation/share/simulation/local_setup.sh
-- Up-to-date symlink: /home/piotr/Desktop/AI_Lab/ROS/AI_Lab_anxious_robot/anxious_robot_ws/install/simulation/share/simulation/local_setup.zsh
-- Up-to-date symlink: /home/piotr/Desktop/AI_Lab/ROS/AI_Lab_anxious_robot/anxious_robot_ws/install/simulation/share/simulation/local_setup.dsv
-- Symlinking: /home/piotr/Desktop/AI_Lab/ROS/AI_Lab_anxious_robot/anxious_robot_ws/install/simulation/share/simulation/package.dsv
-- Up-to-date symlink: /home/piotr/Desktop/AI_Lab/ROS/AI_Lab_anxious_robot/anxious_robot_ws/install/simulation/share/ament_index/resource_index/packages/simulation
-- Up-to-date symlink: /home/piotr/Desktop/AI_Lab/ROS/AI_Lab_anxious_robot/anxious_robot_ws/install/simulation/share/simulation/cmake/simulationConfig.cmake
-- Up-to-date symlink: /home/piotr/Desktop/AI_Lab/ROS/AI_Lab_anxious_robot/anxious_robot_ws/install/simulation/share/simulation/cmake/simulationConfig-version.cmake
-- Up-to-date symlink: /home/piotr/Desktop/AI_Lab/ROS/AI_Lab_anxious_robot/anxious_robot_ws/install/simulation/share/simulation/package.xml
